<?xml version="1.0" encoding="UTF-8"?>
<!-- Generated by org.testng.reporters.JUnitReportReporter -->
<testsuite skipped="0" hostname="TSS168" name="com.project.Login" tests="2" failures="0" timestamp="01 Sep 2017 09:29:45 GMT" time="5.843" errors="0">
  <testcase name="passSetup" time="4.007" classname="com.project.Login"/>
  <testcase name="login" time="1.836" classname="com.project.Login"/>
</testsuite> <!-- com.project.Login -->
